# JRE version: OpenJDK Runtime Environment (8.0_242-b08) (build 1.8.0_242-b08)
# Java VM: OpenJDK 64-Bit Server VM (25.242-b08 mixed mode linux-amd64 compressed oops)
Heap:
 PSYoungGen      total 68608K, used 36505K [0x00000000eab00000, 0x00000000ef300000, 0x0000000100000000)
  eden space 63488K, 50% used [0x00000000eab00000,0x00000000eca14180,0x00000000ee900000)
  from space 5120K, 91% used [0x00000000eee00000,0x00000000ef292540,0x00000000ef300000)
  to   space 5120K, 0% used [0x00000000ee900000,0x00000000ee900000,0x00000000eee00000)
 ParOldGen       total 84992K, used 215K [0x00000000c0000000, 0x00000000c5300000, 0x00000000eab00000)
  object space 84992K, 0% used [0x00000000c0000000,0x00000000c0035f88,0x00000000c5300000)
 Metaspace       used 14735K, capacity 14784K, committed 15104K, reserved 1062912K
  class space    used 1941K, capacity 1968K, committed 2048K, reserved 1048576K
GC Heap History (4 events):
Event: 4.115 GC heap before
{Heap before GC invocations=1 (full 0):
 PSYoungGen      total 36864K, used 31744K [0x00000000eab00000, 0x00000000ed400000, 0x0000000100000000)
  eden space 31744K, 100% used [0x00000000eab00000,0x00000000eca00000,0x00000000eca00000)
  from space 5120K, 0% used [0x00000000ecf00000,0x00000000ecf00000,0x00000000ed400000)
  to   space 5120K, 0% used [0x00000000eca00000,0x00000000eca00000,0x00000000ecf00000)
 ParOldGen       total 84992K, used 0K [0x00000000c0000000, 0x00000000c5300000, 0x00000000eab00000)
  object space 84992K, 0% used [0x00000000c0000000,0x00000000c0000000,0x00000000c5300000)
 Metaspace       used 9088K, capacity 9216K, committed 9472K, reserved 1056768K
  class space    used 1173K, capacity 1200K, committed 1280K, reserved 1048576K
Event: 4.170 GC heap after
Heap after GC invocations=1 (full 0):
 PSYoungGen      total 36864K, used 5096K [0x00000000eab00000, 0x00000000ef300000, 0x0000000100000000)
  eden space 31744K, 0% used [0x00000000eab00000,0x00000000eab00000,0x00000000eca00000)
  from space 5120K, 99% used [0x00000000eca00000,0x00000000ecefa180,0x00000000ecf00000)
  to   space 5120K, 0% used [0x00000000eee00000,0x00000000eee00000,0x00000000ef300000)
 ParOldGen       total 84992K, used 207K [0x00000000c0000000, 0x00000000c5300000, 0x00000000eab00000)
  object space 84992K, 0% used [0x00000000c0000000,0x00000000c0033f88,0x00000000c5300000)
 Metaspace       used 9088K, capacity 9216K, committed 9472K, reserved 1056768K
  class space    used 1173K, capacity 1200K, committed 1280K, reserved 1048576K
}
Event: 5.683 GC heap before
{Heap before GC invocations=2 (full 0):
 PSYoungGen      total 36864K, used 36840K [0x00000000eab00000, 0x00000000ef300000, 0x0000000100000000)
  eden space 31744K, 100% used [0x00000000eab00000,0x00000000eca00000,0x00000000eca00000)
  from space 5120K, 99% used [0x00000000eca00000,0x00000000ecefa180,0x00000000ecf00000)
  to   space 5120K, 0% used [0x00000000eee00000,0x00000000eee00000,0x00000000ef300000)
 ParOldGen       total 84992K, used 207K [0x00000000c0000000, 0x00000000c5300000, 0x00000000eab00000)
  object space 84992K, 0% used [0x00000000c0000000,0x00000000c0033f88,0x00000000c5300000)
 Metaspace       used 12596K, capacity 12672K, committed 12800K, reserved 1060864K
  class space    used 1680K, capacity 1712K, committed 1792K, reserved 1048576K
Event: 5.726 GC heap after
Heap after GC invocations=2 (full 0):
 PSYoungGen      total 68608K, used 4681K [0x00000000eab00000, 0x00000000ef300000, 0x0000000100000000)
  eden space 63488K, 0% used [0x00000000eab00000,0x00000000eab00000,0x00000000ee900000)
  from space 5120K, 91% used [0x00000000eee00000,0x00000000ef292540,0x00000000ef300000)
  to   space 5120K, 0% used [0x00000000ee900000,0x00000000ee900000,0x00000000eee00000)
 ParOldGen       total 84992K, used 215K [0x00000000c0000000, 0x00000000c5300000, 0x00000000eab00000)
  object space 84992K, 0% used [0x00000000c0000000,0x00000000c0035f88,0x00000000c5300000)
 Metaspace       used 12596K, capacity 12672K, committed 12800K, reserved 1060864K
  class space    used 1680K, capacity 1712K, committed 1792K, reserved 1048576K
}

